TN:
SF:src/presentation/controllers/signUpController.ts
FN:10,SignupController
FN:14,handle
FNF:2
FNH:2
FNDA:5,SignupController
FNDA:5,handle
DA:1,1
DA:2,1
DA:3,1
DA:4,1
DA:5,1
DA:6,1
DA:7,1
DA:8,1
DA:9,1
DA:10,1
DA:11,5
DA:12,5
DA:13,1
DA:14,1
DA:15,5
DA:16,5
DA:17,5
DA:18,9
DA:19,2
DA:20,2
DA:21,9
DA:22,3
DA:23,3
DA:24,3
DA:25,3
DA:26,3
DA:27,3
DA:28,3
DA:29,5
DA:30,1
DA:31,1
DA:32,5
DA:33,1
LF:33
LH:33
BRDA:10,0,0,5
BRDA:14,1,0,5
BRDA:17,2,0,9
BRDA:18,3,0,2
BRDA:22,4,0,3
BRDA:29,5,0,1
BRF:6
BRH:6
end_of_record
TN:
SF:src/presentation/helpers/httpHelper.ts
FN:4,badRequest
FN:9,serverError
FN:14,sucessRequest
FNF:3
FNH:3
FNDA:2,badRequest
FNDA:1,serverError
FNDA:2,sucessRequest
DA:1,1
DA:2,1
DA:3,1
DA:4,1
DA:5,2
DA:6,2
DA:7,1
DA:8,1
DA:9,1
DA:10,1
DA:11,1
DA:12,1
DA:13,1
DA:14,1
DA:15,2
DA:16,2
DA:17,1
LF:17
LH:17
BRDA:4,0,0,2
BRDA:9,1,0,1
BRDA:14,2,0,2
BRF:3
BRH:3
end_of_record
