TN:
SF:src/domain/models/userModel.ts
FN:1,(empty-report)
FNF:1
FNH:0
FNDA:0,(empty-report)
DA:1,0
DA:2,0
DA:3,0
DA:4,0
DA:5,0
LF:5
LH:0
BRDA:1,0,0,0
BRF:1
BRH:0
end_of_record
TN:
SF:src/domain/useCase/addUser.ts
FN:1,(empty-report)
FNF:1
FNH:0
FNDA:0,(empty-report)
DA:1,0
DA:2,0
DA:3,0
DA:4,0
DA:5,0
DA:6,0
DA:7,0
DA:8,0
DA:9,0
LF:9
LH:0
BRDA:1,0,0,0
BRF:1
BRH:0
end_of_record
TN:
SF:src/presentation/controllers/signUpController.ts
FN:10,SignupController
FN:14,handle
FNF:2
FNH:2
FNDA:3,SignupController
FNDA:3,handle
DA:1,1
DA:2,1
DA:3,1
DA:4,1
DA:5,1
DA:6,1
DA:7,1
DA:8,1
DA:9,1
DA:10,1
DA:11,3
DA:12,3
DA:13,1
DA:14,1
DA:15,3
DA:16,3
DA:17,3
DA:18,5
DA:19,2
DA:20,2
DA:21,5
DA:22,1
DA:23,1
DA:24,1
DA:25,1
DA:26,1
DA:27,1
DA:28,3
DA:29,0
DA:30,0
DA:31,3
DA:32,1
LF:32
LH:30
BRDA:10,0,0,3
BRDA:14,1,0,3
BRDA:17,2,0,5
BRDA:18,3,0,2
BRDA:22,4,0,1
BRDA:28,5,0,0
BRF:6
BRH:5
end_of_record
TN:
SF:src/presentation/controllers/protocols/controller.ts
FN:1,(empty-report)
FNF:1
FNH:0
FNDA:0,(empty-report)
DA:1,0
DA:2,0
DA:3,0
DA:4,0
DA:5,0
LF:5
LH:0
BRDA:1,0,0,0
BRF:1
BRH:0
end_of_record
TN:
SF:src/presentation/controllers/protocols/http.ts
FN:1,(empty-report)
FNF:1
FNH:0
FNDA:0,(empty-report)
DA:1,0
DA:2,0
DA:3,0
DA:4,0
DA:5,0
DA:6,0
DA:7,0
DA:8,0
LF:8
LH:0
BRDA:1,0,0,0
BRF:1
BRH:0
end_of_record
TN:
SF:src/presentation/erros/missingParamsError.ts
FN:2,MissingParamsError
FNF:1
FNH:1
FNDA:4,MissingParamsError
DA:1,1
DA:2,1
DA:3,4
DA:4,4
DA:5,4
DA:6,1
LF:6
LH:6
BRDA:2,0,0,4
BRF:1
BRH:1
end_of_record
TN:
SF:src/presentation/helpers/httpHelper.ts
FN:3,badRequest
FNF:1
FNH:1
FNDA:2,badRequest
DA:1,1
DA:2,1
DA:3,1
DA:4,2
DA:5,2
DA:6,1
LF:6
LH:6
BRDA:3,0,0,2
BRF:1
BRH:1
end_of_record
